This is pdfTeX, Version 3.14159265-2.6-1.40.18 (TeX Live 2017) (preloaded format=pdflatex 2017.11.29)  29 DEC 2017 19:37
entering extended mode
 restricted \write18 enabled.
 %&-line parsing enabled.
**AnnRev_Main.tex
(./AnnRev_Main.tex
LaTeX2e <2017-04-15>
Babel <3.10> and hyphenation patterns for 84 language(s) loaded.
(./ar-1col.cls

LaTeX Warning: You have requested document class `ar-1col',
               but the document class provides `ar'.

Document Class: ar 2013/03/07 v1.1 Standard LaTeX document class
\typeheight=\dimen102
\typewidth=\dimen103
\extramargin=\skip41
(/usr/local/texlive/2017/texmf-dist/tex/latex/graphics/color.sty
Package: color 2016/07/10 v1.1e Standard LaTeX Color (DPC)

(/usr/local/texlive/2017/texmf-dist/tex/latex/graphics-cfg/color.cfg
File: color.cfg 2016/01/02 v1.6 sample color configuration
)
Package color Info: Driver file: pdftex.def on input line 147.

(/usr/local/texlive/2017/texmf-dist/tex/latex/graphics-def/pdftex.def
File: pdftex.def 2017/01/12 v0.06k Graphics/color for pdfTeX

(/usr/local/texlive/2017/texmf-dist/tex/generic/oberdiek/infwarerr.sty
Package: infwarerr 2016/05/16 v1.4 Providing info/warning/error messages (HO)
)
(/usr/local/texlive/2017/texmf-dist/tex/generic/oberdiek/ltxcmds.sty
Package: ltxcmds 2016/05/16 v1.23 LaTeX kernel commands for general use (HO)
)
\Gread@gobject=\count79
))
(/usr/local/texlive/2017/texmf-dist/tex/generic/oberdiek/ifpdf.sty
Package: ifpdf 2017/03/15 v3.2 Provides the ifpdf switch
)
\@absbbox=\box26
\@kwdbox=\box27
\c@part=\count80
\c@section=\count81
\c@subsection=\count82
\c@subsubsection=\count83
\c@paragraph=\count84
\c@subparagraph=\count85
\c@figure=\count86
\chkfigcnt=\count87
\c@table=\count88
\abovecaptionskip=\skip42
\belowcaptionskip=\skip43
\chk@fig@width=\dimen104

(/usr/local/texlive/2017/texmf-dist/tex/generic/epsf/epsf.sty
This is `epsf.tex' v2.7.4 <14 February 2011>
\epsffilein=\read1
\epsfframemargin=\dimen105
\epsfframethickness=\dimen106
\epsfrsize=\dimen107
\epsftmp=\dimen108
\epsftsize=\dimen109
\epsfxsize=\dimen110
\epsfysize=\dimen111
\pspoints=\dimen112
)
\bibindent=\dimen113
\marginnotecnt=\count89
\marginnotebox=\box28
\bibnotecnt=\count90
\textboxcnt=\count91
 (/usr/local/texlive/2017/texmf-dist/tex/latex/graphics/graphicx.sty
Package: graphicx 2014/10/28 v1.0g Enhanced LaTeX Graphics (DPC,SPQR)

(/usr/local/texlive/2017/texmf-dist/tex/latex/graphics/keyval.sty
Package: keyval 2014/10/28 v1.15 key=value parser (DPC)
\KV@toks@=\toks14
)
(/usr/local/texlive/2017/texmf-dist/tex/latex/graphics/graphics.sty
Package: graphics 2017/04/14 v1.1b Standard LaTeX Graphics (DPC,SPQR)

(/usr/local/texlive/2017/texmf-dist/tex/latex/graphics/trig.sty
Package: trig 2016/01/03 v1.10 sin cos tan (DPC)
)
(/usr/local/texlive/2017/texmf-dist/tex/latex/graphics-cfg/graphics.cfg
File: graphics.cfg 2016/06/04 v1.11 sample graphics configuration
)
Package graphics Info: Driver file: pdftex.def on input line 99.
)
\Gin@req@height=\dimen114
\Gin@req@width=\dimen115
)
(/usr/local/texlive/2017/texmf-dist/tex/latex/tools/multicol.sty
Package: multicol 2017/04/11 v1.8q multicolumn formatting (FMi)
\c@tracingmulticols=\count92
\mult@box=\box29
\multicol@leftmargin=\dimen116
\c@unbalance=\count93
\c@collectmore=\count94
\doublecol@number=\count95
\multicoltolerance=\count96
\multicolpretolerance=\count97
\full@width=\dimen117
\page@free=\dimen118
\premulticols=\dimen119
\postmulticols=\dimen120
\multicolsep=\skip44
\multicolbaselineskip=\skip45
\partial@page=\box30
\last@line=\box31
\maxbalancingoverflow=\dimen121
\mult@rightbox=\box32
\mult@grightbox=\box33
\mult@gfirstbox=\box34
\mult@firstbox=\box35
\@tempa=\box36
\@tempa=\box37
\@tempa=\box38
\@tempa=\box39
\@tempa=\box40
\@tempa=\box41
\@tempa=\box42
\@tempa=\box43
\@tempa=\box44
\@tempa=\box45
\@tempa=\box46
\@tempa=\box47
\@tempa=\box48
\@tempa=\box49
\@tempa=\box50
\@tempa=\box51
\@tempa=\box52
\c@columnbadness=\count98
\c@finalcolumnbadness=\count99
\last@try=\dimen122
\multicolovershoot=\dimen123
\multicolundershoot=\dimen124
\mult@nat@firstbox=\box53
\colbreak@box=\box54
\mc@col@check@num=\count100
)
(/usr/local/texlive/2017/texmf-dist/tex/latex/oberdiek/refcount.sty
Package: refcount 2016/05/16 v3.5 Data extraction from label references (HO)
)
(/usr/local/texlive/2017/texmf-dist/tex/latex/framed/framed.sty
Package: framed 2011/10/22 v 0.96: framed or shaded text with page breaks
\OuterFrameSep=\skip46
\fb@frw=\dimen125
\fb@frh=\dimen126
\FrameRule=\dimen127
\FrameSep=\dimen128
))
(/usr/local/texlive/2017/texmf-dist/tex/latex/natbib/natbib.sty
Package: natbib 2010/09/13 8.31b (PWD, AO)
\bibhang=\skip47
\bibsep=\skip48
LaTeX Info: Redefining \cite on input line 694.
\c@NAT@ctr=\count101
)
(/usr/local/texlive/2017/texmf-dist/tex/latex/tools/xspace.sty
Package: xspace 2014/10/28 v1.13 Space after command names (DPC,MH)
)
(/usr/local/texlive/2017/texmf-dist/tex/latex/url/url.sty
\Urlmuskip=\muskip10
Package: url 2013/09/16  ver 3.4  Verb mode for urls, etc.
)
(/usr/local/texlive/2017/texmf-dist/tex/latex/carlisle/slashed.sty
Package: slashed 1997/01/16 v0.01 Feynman Slashed Character Notation (DPC)
)
(./AnnRev_Main.aux)
\openout1 = `AnnRev_Main.aux'.

LaTeX Font Info:    Checking defaults for OML/cmm/m/it on input line 27.
LaTeX Font Info:    ... okay on input line 27.
LaTeX Font Info:    Checking defaults for T1/cmr/m/n on input line 27.
LaTeX Font Info:    ... okay on input line 27.
LaTeX Font Info:    Checking defaults for OT1/cmr/m/n on input line 27.
LaTeX Font Info:    ... okay on input line 27.
LaTeX Font Info:    Checking defaults for OMS/cmsy/m/n on input line 27.
LaTeX Font Info:    ... okay on input line 27.
LaTeX Font Info:    Checking defaults for OMX/cmex/m/n on input line 27.
LaTeX Font Info:    ... okay on input line 27.
LaTeX Font Info:    Checking defaults for U/cmr/m/n on input line 27.
LaTeX Font Info:    ... okay on input line 27.

(/usr/local/texlive/2017/texmf-dist/tex/context/base/mkii/supp-pdf.mkii
[Loading MPS to PDF converter (version 2006.09.02).]
\scratchcounter=\count102
\scratchdimen=\dimen129
\scratchbox=\box55
\nofMPsegments=\count103
\nofMParguments=\count104
\everyMPshowfont=\toks15
\MPscratchCnt=\count105
\MPscratchDim=\dimen130
\MPnumerator=\count106
\makeMPintoPDFobject=\count107
\everyMPtoPDFconversion=\toks16
) (/usr/local/texlive/2017/texmf-dist/tex/generic/oberdiek/pdftexcmds.sty
Package: pdftexcmds 2017/03/19 v0.25 Utility functions of pdfTeX for LuaTeX (HO
)

(/usr/local/texlive/2017/texmf-dist/tex/generic/oberdiek/ifluatex.sty
Package: ifluatex 2016/05/16 v1.4 Provides the ifluatex switch (HO)
Package ifluatex Info: LuaTeX not detected.
)
Package pdftexcmds Info: LuaTeX not detected.
Package pdftexcmds Info: \pdf@primitive is available.
Package pdftexcmds Info: \pdf@ifprimitive is available.
Package pdftexcmds Info: \pdfdraftmode found.
)
(/usr/local/texlive/2017/texmf-dist/tex/latex/oberdiek/epstopdf-base.sty
Package: epstopdf-base 2016/05/15 v2.6 Base part for package epstopdf

(/usr/local/texlive/2017/texmf-dist/tex/latex/oberdiek/grfext.sty
Package: grfext 2016/05/16 v1.2 Manage graphics extensions (HO)

(/usr/local/texlive/2017/texmf-dist/tex/generic/oberdiek/kvdefinekeys.sty
Package: kvdefinekeys 2016/05/16 v1.4 Define keys (HO)
))
(/usr/local/texlive/2017/texmf-dist/tex/latex/oberdiek/kvoptions.sty
Package: kvoptions 2016/05/16 v3.12 Key value format for package options (HO)

(/usr/local/texlive/2017/texmf-dist/tex/generic/oberdiek/kvsetkeys.sty
Package: kvsetkeys 2016/05/16 v1.17 Key value parser (HO)

(/usr/local/texlive/2017/texmf-dist/tex/generic/oberdiek/etexcmds.sty
Package: etexcmds 2016/05/16 v1.6 Avoid name clashes with e-TeX commands (HO)
Package etexcmds Info: Could not find \expanded.
(etexcmds)             That can mean that you are not using pdfTeX 1.50 or
(etexcmds)             that some package has redefined \expanded.
(etexcmds)             In the latter case, load this package earlier.
)))
Package epstopdf-base Info: Redefining graphics rule for `.eps' on input line 4
38.
Package grfext Info: Graphics extension search list:
(grfext)             [.png,.pdf,.jpg,.mps,.jpeg,.jbig2,.jb2,.PNG,.PDF,.JPG,.JPE
G,.JBIG2,.JB2,.eps]
(grfext)             \AppendGraphicsExtensions on input line 456.

(/usr/local/texlive/2017/texmf-dist/tex/latex/latexconfig/epstopdf-sys.cfg
File: epstopdf-sys.cfg 2010/07/13 v1.3 Configuration of (r)epstopdf for TeX Liv
e
))
LaTeX Font Info:    External font `cmex10' loaded for size
(Font)              <9> on input line 66.
LaTeX Font Info:    External font `cmex10' loaded for size
(Font)              <6> on input line 66.
LaTeX Font Info:    External font `cmex10' loaded for size
(Font)              <5> on input line 66.


LaTeX Font Warning: Font shape `OT1/cmr/m/n' in size <20> not available
(Font)              size <20.74> substituted on input line 67.


LaTeX Font Warning: Font shape `OT1/cmr/bx/n' in size <20> not available
(Font)              size <20.74> substituted on input line 67.

LaTeX Font Info:    External font `cmex10' loaded for size
(Font)              <12> on input line 67.
LaTeX Font Info:    External font `cmex10' loaded for size
(Font)              <8> on input line 67.
LaTeX Font Info:    External font `cmex10' loaded for size
(Font)              <7> on input line 67.
LaTeX Font Info:    Try loading font information for OMS+cmr on input line 67.
(/usr/local/texlive/2017/texmf-dist/tex/latex/base/omscmr.fd
File: omscmr.fd 2014/09/29 v2.5h Standard LaTeX font definitions
)
LaTeX Font Info:    Font shape `OMS/cmr/m/n' in size <7> not available
(Font)              Font shape `OMS/cmsy/m/n' tried instead on input line 67.

Overfull \hbox (31.0pt too wide) in paragraph at lines 67--67
[][] |[] 
 []


LaTeX Font Warning: Font shape `OT1/cmr/m/it' in size <7.5> not available
(Font)              size <7> substituted on input line 67.


Overfull \hbox (90.0pt too wide) has occurred while \output is active
[]
 []

[1{/usr/local/texlive/2017/texmf-var/fonts/map/pdftex/updmap/pdftex.map}]
Package color Info: Redefining color shadecolor on input line 70.

(./AnnRev_Main.toc)
\tf@toc=\write3
\openout3 = `AnnRev_Main.toc'.

 (./02_Reactions.tex
Overfull \hbox (90.0pt too wide) has occurred while \output is active
[]
 []

[2

]
Overfull \hbox (23.5945pt too wide) in paragraph at lines 40--40
[]| [] 
 []


LaTeX Warning: Marginpar on page 3 moved.


Underfull \vbox (badness 10000) has occurred while \output is active []


Overfull \hbox (90.0pt too wide) has occurred while \output is active
[]
 []

[3]
Overfull \hbox (90.0pt too wide) has occurred while \output is active
[]
 []

[4]
Underfull \vbox (badness 2781) has occurred while \output is active []


Overfull \hbox (90.0pt too wide) has occurred while \output is active
[]
 []

[5]

pdfTeX warning: pdflatex (file ./figures/MonoX.pdf): PDF inclusion: found PDF v
ersion <1.7>, but at most version <1.5> allowed
<figures/MonoX.pdf, id=36, 1452.49646pt x 444.25172pt>
File: figures/MonoX.pdf Graphic file (type pdf)
 <use figures/MonoX.pdf>
Package pdftex.def Info: figures/MonoX.pdf used on input line 170.
(pdftex.def)             Requested size: 366.0pt x 111.9439pt.

Overfull \hbox (2.05554pt too wide) in paragraph at lines 170--171
[] []
 []


Underfull \hbox (badness 10000) in paragraph at lines 170--171

 []


Overfull \hbox (90.0pt too wide) has occurred while \output is active
[]
 []

[6 <./figures/MonoX.pdf>]
Overfull \hbox (23.5945pt too wide) in paragraph at lines 185--185
[]| [] 
 []


LaTeX Warning: Marginpar on page 7 moved.


Overfull \hbox (23.5945pt too wide) in paragraph at lines 202--202
[]| [] 
 []


Underfull \vbox (badness 10000) has occurred while \output is active []


Overfull \hbox (90.0pt too wide) has occurred while \output is active
[]
 []

[7]
Underfull \vbox (badness 10000) has occurred while \output is active []


Overfull \hbox (90.0pt too wide) has occurred while \output is active
[]
 []

[8] <figures/test-feynman.pdf, id=67, 597.51233pt x 845.0471pt>
File: figures/test-feynman.pdf Graphic file (type pdf)

<use figures/test-feynman.pdf>
Package pdftex.def Info: figures/test-feynman.pdf used on input line 241.
(pdftex.def)             Requested size: 183.0pt x 258.81567pt.

Overfull \hbox (23.5945pt too wide) in paragraph at lines 244--244
[]| [] 
 []


LaTeX Warning: Marginpar on page 9 moved.


Underfull \vbox (badness 10000) has occurred while \output is active []


Overfull \hbox (90.0pt too wide) has occurred while \output is active
[]
 []

[9 <./figures/test-feynman.pdf>]
Underfull \vbox (badness 1655) has occurred while \output is active []


Overfull \hbox (90.0pt too wide) has occurred while \output is active
[]
 []

[10]
Overfull \hbox (90.0pt too wide) has occurred while \output is active
[]
 []

[11]
LaTeX Font Info:    Font shape `OMS/cmr/m/n' in size <9> not available
(Font)              Font shape `OMS/cmsy/m/n' tried instead on input line 367.
) (./03_ExperimentalResults.tex
Overfull \hbox (90.0pt too wide) has occurred while \output is active
[]
 []

[12]
Overfull \hbox (23.5945pt too wide) in paragraph at lines 28--28
[]| [] 
 []


Overfull \hbox (90.0pt too wide) has occurred while \output is active
[]
 []

[13]
Underfull \vbox (badness 10000) has occurred while \output is active []


Overfull \hbox (90.0pt too wide) has occurred while \output is active
[]
 []

[14]
Underfull \vbox (badness 10000) has occurred while \output is active []


Overfull \hbox (90.0pt too wide) has occurred while \output is active
[]
 []

[15]
Overfull \hbox (90.0pt too wide) has occurred while \output is active
[]
 []

[16]
Underfull \vbox (badness 10000) has occurred while \output is active []


Overfull \hbox (90.0pt too wide) has occurred while \output is active
[]
 []

[17] (./03_SummaryTable.tex)
Overfull \hbox (90.0pt too wide) has occurred while \output is active
[]
 []

[18])
Overfull \hbox (90.0pt too wide) has occurred while \output is active
[]
 []

[19]
Package color Info: Redefining color shadecolor on input line 102.
Package color Info: Redefining color shadecolor on input line 113.
 (./AnnRev_Main.bbl
Underfull \hbox (badness 2088) in paragraph at lines 9--12
[]\OT1/cmr/m/n/8 Plehn T.  Yet An-other In-tro-duc-tion To Dark Mat-ter (2017),
 $\OT1/cmtt/m/n/8 http : / / www . thphys .
 []


Overfull \hbox (90.0pt too wide) has occurred while \output is active
[]
 []

[20

]
Underfull \hbox (badness 5161) in paragraph at lines 157--161
[]\OT1/cmr/m/n/8 LHC Dark Mat-ter Work-ing Group.  LHC Physics Cen-tre Work-ing
 Group on
 []


Underfull \hbox (badness 10000) in paragraph at lines 157--161
\OT1/cmr/m/n/8 Dark Mat-ter Searches at the LHC (2015), $\OT1/cmtt/m/n/8 http :
 / / lpcc . web . cern . ch / content /
 []


Underfull \vbox (badness 10000) has occurred while \output is active []


Overfull \hbox (90.0pt too wide) has occurred while \output is active
[]
 []

[21]
Underfull \hbox (badness 10000) in paragraph at lines 263--266
[]\OT1/cmr/m/n/8 Dobrescu BA, Yu F.  \OT1/cmr/m/it/8 Phys. Rev. \OT1/cmr/m/n/8 
D88:035021 (2013), [Er-ra-tum: Phys.
 []

)
Overfull \hbox (90.0pt too wide) has occurred while \output is active
[]
 []

[22] (./AnnRev_Main.aux)

LaTeX Font Warning: Size substitutions with differences
(Font)              up to 0.74pt have occurred.

 ) 
Here is how much of TeX's memory you used:
 2936 strings out of 492995
 43275 string characters out of 6132703
 116304 words of memory out of 5000000
 6421 multiletter control sequences out of 15000+600000
 16069 words of font info for 55 fonts, out of 8000000 for 9000
 1141 hyphenation exceptions out of 8191
 39i,15n,28p,1625b,702s stack positions out of 5000i,500n,10000p,200000b,80000s
</usr/local/texlive/2017/texmf-dist/fonts/type1/public/amsfonts/cmextra/cmbsy
9.pfb></usr/local/texlive/2017/texmf-dist/fonts/type1/public/amsfonts/cm/cmbx12
.pfb></usr/local/texlive/2017/texmf-dist/fonts/type1/public/amsfonts/cm/cmbx5.p
fb></usr/local/texlive/2017/texmf-dist/fonts/type1/public/amsfonts/cm/cmbx8.pfb
></usr/local/texlive/2017/texmf-dist/fonts/type1/public/amsfonts/cm/cmbx9.pfb><
/usr/local/texlive/2017/texmf-dist/fonts/type1/public/amsfonts/cm/cmmi6.pfb></u
sr/local/texlive/2017/texmf-dist/fonts/type1/public/amsfonts/cm/cmmi8.pfb></usr
/local/texlive/2017/texmf-dist/fonts/type1/public/amsfonts/cm/cmmi9.pfb></usr/l
ocal/texlive/2017/texmf-dist/fonts/type1/public/amsfonts/cmextra/cmmib9.pfb></u
sr/local/texlive/2017/texmf-dist/fonts/type1/public/amsfonts/cm/cmr6.pfb></usr/
local/texlive/2017/texmf-dist/fonts/type1/public/amsfonts/cm/cmr7.pfb></usr/loc
al/texlive/2017/texmf-dist/fonts/type1/public/amsfonts/cm/cmr8.pfb></usr/local/
texlive/2017/texmf-dist/fonts/type1/public/amsfonts/cm/cmr9.pfb></usr/local/tex
live/2017/texmf-dist/fonts/type1/public/amsfonts/cm/cmss9.pfb></usr/local/texli
ve/2017/texmf-dist/fonts/type1/public/amsfonts/cm/cmssbx10.pfb></usr/local/texl
ive/2017/texmf-dist/fonts/type1/public/amsfonts/cm/cmsy10.pfb></usr/local/texli
ve/2017/texmf-dist/fonts/type1/public/amsfonts/cm/cmsy5.pfb></usr/local/texlive
/2017/texmf-dist/fonts/type1/public/amsfonts/cm/cmsy6.pfb></usr/local/texlive/2
017/texmf-dist/fonts/type1/public/amsfonts/cm/cmsy7.pfb></usr/local/texlive/201
7/texmf-dist/fonts/type1/public/amsfonts/cm/cmsy8.pfb></usr/local/texlive/2017/
texmf-dist/fonts/type1/public/amsfonts/cm/cmsy9.pfb></usr/local/texlive/2017/te
xmf-dist/fonts/type1/public/amsfonts/cm/cmti7.pfb></usr/local/texlive/2017/texm
f-dist/fonts/type1/public/amsfonts/cm/cmti8.pfb></usr/local/texlive/2017/texmf-
dist/fonts/type1/public/amsfonts/cm/cmti9.pfb></usr/local/texlive/2017/texmf-di
st/fonts/type1/public/amsfonts/cm/cmtt8.pfb>
Output written on AnnRev_Main.pdf (22 pages, 401433 bytes).
PDF statistics:
 211 PDF objects out of 1000 (max. 8388607)
 150 compressed objects within 2 object streams
 0 named destinations out of 1000 (max. 500000)
 11 words of extra memory for PDF output out of 10000 (max. 10000000)

